<?xml version="1.0"?>
<!--
 Tests completed in 24 milliseconds.
7 tests of 7 passed, 0 failed. 
-->
<testsuite name="QUnit - JavaScript Tests" timestamp="2012-09-13T23:49:28Z" tests="7" failures="0" time="0.024">
<testcase name="bad" classname="password">
</testcase>
<testcase name="length-okay" classname="password">
</testcase>
<testcase name="length-good" classname="password">
</testcase>
<testcase name="category-okay" classname="password">
</testcase>
<testcase name="category-good" classname="password">
</testcase>
<testcase name="casing-good" classname="password">
</testcase>
<testcase name="all-good" classname="password">
</testcase>
</testsuite>
